build/app/outputs/mapping/release/usage.txt
androidx.core.internal.package-info
io.flutter.embedding.android.AndroidTouchProcessor$PointerDeviceKind
io.flutter.app.FlutterFragmentActivity
androidx.core.widget.AutoScrollHelper$ScrollAnimationRunnable
androidx.core.view.accessibility.AccessibilityViewCommand$CommandArguments
androidx.annotation.AttrRes
androidx.core.content.pm.ActivityInfoCompat
org.intellij.lang.annotations.MagicConstant
androidx.core.view.GestureDetectorCompat
kotlin.text.StringsKt___StringsJvmKt
androidx.core.app.Person
androidx.fragment.app.FragmentManagerImpl$EndViewTransitionAnimation
kotlin.coroutines.experimental.migration.ContinuationInterceptorMigration
kotlin.internal.PlatformImplementationsKt
androidx.annotation.ArrayRes
kotlin.collections.MutableMapWithDefault
androidx.annotation.StyleRes
androidx.core.content.MimeTypeFilter
androidx.core.view.DisplayCutoutCompat
androidx.core.app.NotificationCompat$NotificationVisibility
kotlin.collections.CollectionsKt___CollectionsKt
android.support.v4.os.ResultReceiver$MyResultReceiver
io.flutter.embedding.engine.plugins.FlutterPlugin:
    public abstract void onAttachedToEngine(io.flutter.embedding.engine.plugins.FlutterPlugin$FlutterPluginBinding)
kotlin.jvm.internal.MutablePropertyReference0Impl
kotlin.coroutines.experimental.migration.ContextMigration
androidx.core.view.VelocityTrackerCompat
kotlin.math.UMathKt
kotlin.sequences.SequencesKt___SequencesKt$zipWithNext$2
kotlin.collections.EmptyList
kotlin.random.PlatformRandom
org.intellij.lang.annotations.Subst
kotlin.collections.UArraySortingKt
kotlin.Experimental$Level
androidx.core.text.PrecomputedTextCompat$PrecomputedTextFutureTask$PrecomputedTextCallback
kotlin.text.Regex$Companion
kotlin.jvm.internal.PropertyReference0
androidx.core.widget.TintableCompoundButton
io.flutter.util.Preconditions:
    private void <init>()
    public static java.lang.Object checkNotNull(java.lang.Object)
    public static void checkState(boolean)
androidx.core.view.accessibility.AccessibilityManagerCompat$AccessibilityStateChangeListenerCompat
kotlin.collections.ReversedListReadOnly
kotlin.collections.unsigned.UArraysKt
kotlin.collections.CollectionsKt__MutableCollectionsJVMKt
kotlin.sequences.SequencesKt___SequencesKt$flatMap$1
androidx.viewpager.R$drawable
androidx.core.R$color
androidx.activity.ComponentActivity$2:
    void <init>(androidx.activity.ComponentActivity)
kotlin.text.MatcherMatchResult$groups$1
io.flutter.plugin.mouse.MouseCursorPlugin$2:
    private static final long serialVersionUID
io.flutter.embedding.engine.dart.DartExecutor:
    public void executeDartCallback(io.flutter.embedding.engine.dart.DartExecutor$DartCallback)
    public io.flutter.plugin.common.BinaryMessenger getBinaryMessenger()
    public void send(java.lang.String,java.nio.ByteBuffer)
    public int getPendingChannelResponseCount()
    public void setIsolateServiceIdListener(io.flutter.embedding.engine.dart.DartExecutor$IsolateServiceIdListener)
    private static final java.lang.String TAG
androidx.core.view.GestureDetectorCompat$GestureDetectorCompatImplBase$GestureHandler
kotlin.collections.IndexedValue
kotlin.concurrent.ThreadsKt$thread$thread$1
kotlin.UShortArray
kotlin.concurrent.TimersKt$timerTask$1
kotlin.ranges.UIntProgression$Companion
kotlin.collections.ArraysKt___ArraysKt$withIndex$7
kotlin.coroutines.intrinsics.IntrinsicsKt__IntrinsicsJvmKt
kotlin.collections.ArraysKt___ArraysJvmKt$asList$6
kotlin.collections.SetsKt__SetsKt
com.example.control.R$integer
com.example.control.R$id
kotlin.UInt
kotlin.text.CharCategory
kotlin.io.FilesKt__FilePathComponentsKt
androidx.viewpager.widget.PagerTitleStrip
androidx.core.hardware.fingerprint.FingerprintManagerCompat$1
androidx.core.text.util.LinkifyCompat$LinkSpec
kotlin.text.RegexKt
androidx.core.graphics.PathUtils
androidx.core.app.NotificationCompat$WearableExtender
kotlin.collections.ArraysKt___ArraysKt$asSequence$$inlined$Sequence$5
kotlin.jvm.functions.Function19
androidx.annotation.BoolRes
kotlin.NumbersKt__NumbersKt